<?xml version="1.0" encoding="UTF-8"?>
<testsuite name="com.operaciones.operaciones_android.wear.data.WearChatMessageTest" tests="2" skipped="0" failures="0" errors="0" timestamp="2026-06-05T19:09:48.985Z" hostname="DESKTOP-8F6LETD" time="0.025">
  <properties/>
  <testcase name="fromJsonTreatsNullDestinationLabelAsMissing" classname="com.operaciones.operaciones_android.wear.data.WearChatMessageTest" time="0.018"/>
  <testcase name="fromJsonTreatsLiteralNullDestinationLabelAsMissing" classname="com.operaciones.operaciones_android.wear.data.WearChatMessageTest" time="0.0"/>
  <system-out><![CDATA[]]></system-out>
  <system-err><![CDATA[]]></system-err>
</testsuite>
